<?xml version="1.0" encoding="UTF-8"?>
<!-- Generated by org.testng.reporters.JUnitXMLReporter -->
<testsuite hostname="USER-PC" ignored="0" name="Default test" tests="5" failures="0" timestamp="09 Jul 2017 03:24:22 GMT" time="0.1" errors="0">
  <testcase name="check" time="0.03" classname="com.includeandexclude.Exclude.Test4"/>
  <testcase name="check" time="0.0" classname="com.includeandexclude.Exclude.Test3"/>
  <testcase name="check" time="0.0" classname="com.includeandexclude.Exclude.Test5"/>
  <testcase name="check" time="0.0" classname="com.includeandexclude.Exclude.Test2"/>
  <testcase name="check" time="0.01" classname="com.includeandexclude.Exclude.Test1"/>
</testsuite> <!-- Default test -->
